{"level":"error","message":"Unhandled rejection at [object Promise] reason TypeError: unexpected reply from redis client","service":"identity-service","timestamp":"2025-02-04T12:43:14.580Z"}
{"level":"error","message":"Unhandled rejection at [object Promise] reason TypeError: unexpected reply from redis client","service":"identity-service","timestamp":"2025-02-04T12:43:14.581Z"}
{"level":"error","message":"redis connection failed","service":"identity-service","timestamp":"2025-02-04T12:43:14.593Z"}
{"level":"error","message":"redis connection failed","service":"identity-service","timestamp":"2025-02-04T12:43:14.647Z"}
{"level":"error","message":"redis connection failed","service":"identity-service","timestamp":"2025-02-04T12:43:14.749Z"}
{"level":"error","message":"redis connection failed","service":"identity-service","timestamp":"2025-02-04T12:43:14.902Z"}
{"level":"error","message":"redis connection failed","service":"identity-service","timestamp":"2025-02-04T12:43:15.107Z"}
{"level":"error","message":"redis connection failed","service":"identity-service","timestamp":"2025-02-04T12:43:15.360Z"}
{"level":"error","message":"redis connection failed","service":"identity-service","timestamp":"2025-02-04T12:43:15.664Z"}
{"level":"error","message":"redis connection failed","service":"identity-service","timestamp":"2025-02-04T12:43:16.015Z"}
{"level":"error","message":"redis connection failed","service":"identity-service","timestamp":"2025-02-04T12:43:16.418Z"}
{"level":"error","message":"redis connection failed","service":"identity-service","timestamp":"2025-02-04T12:43:16.871Z"}
{"level":"error","message":"redis connection failed","service":"identity-service","timestamp":"2025-02-04T12:43:17.375Z"}
{"level":"error","message":"redis connection failed","service":"identity-service","timestamp":"2025-02-04T12:43:17.927Z"}
{"level":"error","message":"redis connection failed","service":"identity-service","timestamp":"2025-02-04T12:43:18.531Z"}
{"level":"error","message":"redis connection failed","service":"identity-service","timestamp":"2025-02-04T12:43:19.184Z"}
{"level":"error","message":"redis connection failed","service":"identity-service","timestamp":"2025-02-04T12:43:19.886Z"}
{"level":"error","message":"redis connection failed","service":"identity-service","timestamp":"2025-02-04T12:43:20.639Z"}
{"level":"error","message":"redis connection failed","service":"identity-service","timestamp":"2025-02-04T12:43:21.442Z"}
{"level":"error","message":"redis connection failed","service":"identity-service","timestamp":"2025-02-04T12:43:22.294Z"}
{"level":"error","message":"redis connection failed","service":"identity-service","timestamp":"2025-02-04T12:43:23.197Z"}
{"level":"error","message":"redis connection failed","service":"identity-service","timestamp":"2025-02-04T12:43:24.150Z"}
{"level":"error","message":"redis connection failed","service":"identity-service","timestamp":"2025-02-04T12:43:25.153Z"}
{"level":"error","message":"Unhandled rejection at [object Promise] reason TypeError: unexpected reply from redis client","service":"identity-service","timestamp":"2025-02-04T12:43:42.536Z"}
{"level":"error","message":"Unhandled rejection at [object Promise] reason TypeError: unexpected reply from redis client","service":"identity-service","timestamp":"2025-02-04T12:43:42.536Z"}
{"level":"error","message":"redis connection failed","service":"identity-service","timestamp":"2025-02-04T12:43:42.544Z"}
{"level":"error","message":"redis connection failed","service":"identity-service","timestamp":"2025-02-04T12:43:42.597Z"}
{"level":"error","message":"redis connection failed","service":"identity-service","timestamp":"2025-02-04T12:43:42.699Z"}
{"level":"error","message":"redis connection failed","service":"identity-service","timestamp":"2025-02-04T12:43:42.851Z"}
{"level":"error","message":"redis connection failed","service":"identity-service","timestamp":"2025-02-04T12:43:43.052Z"}
{"level":"error","message":"redis connection failed","service":"identity-service","timestamp":"2025-02-04T12:43:43.305Z"}
{"level":"error","message":"redis connection failed","service":"identity-service","timestamp":"2025-02-04T12:43:43.607Z"}
{"level":"error","message":"redis connection failed","service":"identity-service","timestamp":"2025-02-04T12:43:43.959Z"}
{"level":"error","message":"redis connection failed","service":"identity-service","timestamp":"2025-02-04T12:43:44.362Z"}
{"level":"error","message":"redis connection failed","service":"identity-service","timestamp":"2025-02-04T12:43:44.815Z"}
{"level":"error","message":"redis connection failed","service":"identity-service","timestamp":"2025-02-04T12:43:45.319Z"}
{"level":"error","message":"redis connection failed","service":"identity-service","timestamp":"2025-02-04T12:43:45.871Z"}
{"level":"error","message":"redis connection failed","service":"identity-service","timestamp":"2025-02-04T12:43:46.474Z"}
{"level":"error","message":"redis connection failed","service":"identity-service","timestamp":"2025-02-04T12:43:47.127Z"}
{"level":"error","message":"redis connection failed","service":"identity-service","timestamp":"2025-02-04T12:43:47.829Z"}
{"level":"error","message":"redis connection failed","service":"identity-service","timestamp":"2025-02-04T12:43:48.582Z"}
{"level":"error","message":"redis connection failed","service":"identity-service","timestamp":"2025-02-04T12:43:49.384Z"}
{"level":"error","message":"redis connection failed","service":"identity-service","timestamp":"2025-02-04T12:43:50.236Z"}
{"level":"error","message":"redis connection failed","service":"identity-service","timestamp":"2025-02-04T12:43:51.139Z"}
{"level":"error","message":"Unhandled rejection at [object Promise] reason TypeError: unexpected reply from redis client","service":"identity-service","timestamp":"2025-02-04T12:43:52.032Z"}
{"level":"error","message":"Unhandled rejection at [object Promise] reason TypeError: unexpected reply from redis client","service":"identity-service","timestamp":"2025-02-04T12:43:52.033Z"}
{"level":"error","message":"redis connection failed","service":"identity-service","timestamp":"2025-02-04T12:43:52.041Z"}
{"level":"error","message":"redis connection failed","service":"identity-service","timestamp":"2025-02-04T12:43:52.092Z"}
{"level":"error","message":"redis connection failed","service":"identity-service","timestamp":"2025-02-04T12:43:52.195Z"}
{"level":"error","message":"redis connection failed","service":"identity-service","timestamp":"2025-02-04T12:43:52.348Z"}
{"level":"error","message":"redis connection failed","service":"identity-service","timestamp":"2025-02-04T12:43:52.551Z"}
{"level":"error","message":"redis connection failed","service":"identity-service","timestamp":"2025-02-04T12:43:52.805Z"}
{"level":"error","message":"redis connection failed","service":"identity-service","timestamp":"2025-02-04T12:43:53.107Z"}
{"level":"error","message":"redis connection failed","service":"identity-service","timestamp":"2025-02-04T12:43:53.460Z"}
{"level":"error","message":"redis connection failed","service":"identity-service","timestamp":"2025-02-04T12:43:53.863Z"}
{"level":"error","message":"redis connection failed","service":"identity-service","timestamp":"2025-02-04T12:43:54.316Z"}
{"level":"error","message":"redis connection failed","service":"identity-service","timestamp":"2025-02-04T12:43:54.818Z"}
{"level":"error","message":"redis connection failed","service":"identity-service","timestamp":"2025-02-04T12:43:55.372Z"}
{"level":"error","message":"redis connection failed","service":"identity-service","timestamp":"2025-02-04T12:43:55.975Z"}
{"level":"error","message":"redis connection failed","service":"identity-service","timestamp":"2025-02-04T12:43:56.628Z"}
{"level":"error","message":"redis connection failed","service":"identity-service","timestamp":"2025-02-04T12:43:57.331Z"}
{"level":"error","message":"redis connection failed","service":"identity-service","timestamp":"2025-02-04T12:43:58.083Z"}
{"level":"error","message":"redis connection failed","service":"identity-service","timestamp":"2025-02-04T12:43:58.885Z"}
{"level":"error","message":"redis connection failed","service":"identity-service","timestamp":"2025-02-04T12:43:59.739Z"}
{"level":"error","message":"redis connection failed","service":"identity-service","timestamp":"2025-02-04T12:44:00.642Z"}
{"level":"error","message":"redis connection failed","service":"identity-service","timestamp":"2025-02-04T12:44:01.595Z"}
{"level":"error","message":"redis connection failed","service":"identity-service","timestamp":"2025-02-04T12:44:02.597Z"}
{"level":"error","message":"Unhandled rejection at [object Promise] reason TypeError: unexpected reply from redis client","service":"identity-service","timestamp":"2025-02-04T12:56:05.855Z"}
{"level":"error","message":"Unhandled rejection at [object Promise] reason TypeError: unexpected reply from redis client","service":"identity-service","timestamp":"2025-02-04T12:56:05.856Z"}
{"level":"error","message":"","service":"identity-service","timestamp":"2025-02-04T12:57:15.831Z"}
{"level":"error","message":"","service":"identity-service","timestamp":"2025-02-04T12:57:15.832Z"}
{"level":"error","message":"Unhandled ","service":"identity-service","timestamp":"2025-02-04T12:57:25.225Z"}
{"level":"error","message":"Unhandled ","service":"identity-service","timestamp":"2025-02-04T12:57:25.226Z"}
{"level":"error","message":"Unhandled Rejection due to p","service":"identity-service","timestamp":"2025-02-04T12:57:30.338Z"}
{"level":"error","message":"Unhandled Rejection due to p","service":"identity-service","timestamp":"2025-02-04T12:57:30.338Z"}
{"level":"error","message":"Unhandled Rejection due to promise ","service":"identity-service","timestamp":"2025-02-04T12:57:33.273Z"}
{"level":"error","message":"Unhandled Rejection due to promise ","service":"identity-service","timestamp":"2025-02-04T12:57:33.274Z"}
{"level":"error","message":"Unhandled Rejection due to promise [object Promise] ","service":"identity-service","timestamp":"2025-02-04T12:57:38.130Z"}
{"level":"error","message":"Unhandled Rejection due to promise [object Promise] ","service":"identity-service","timestamp":"2025-02-04T12:57:38.130Z"}
{"level":"error","message":"Unhandled Rejection due to promise [object Promise] and reason ","service":"identity-service","timestamp":"2025-02-04T12:57:43.622Z"}
{"level":"error","message":"Unhandled Rejection due to promise [object Promise] and reason ","service":"identity-service","timestamp":"2025-02-04T12:57:43.622Z"}
{"level":"error","message":"Unhandled Rejection due to promise [object Promise] and reason TypeError: unexpected reply from redis client","service":"identity-service","timestamp":"2025-02-04T12:57:47.815Z"}
{"level":"error","message":"Unhandled Rejection due to promise [object Promise] and reason TypeError: unexpected reply from redis client","service":"identity-service","timestamp":"2025-02-04T12:57:47.816Z"}
{"level":"error","message":"Unhandled Rejection due to promise [object Promise] and reason TypeError: unexpected reply from redis client","service":"identity-service","timestamp":"2025-02-04T12:58:01.671Z"}
{"level":"error","message":"Unhandled Rejection due to promise [object Promise] and reason TypeError: unexpected reply from redis client","service":"identity-service","timestamp":"2025-02-04T12:58:01.671Z"}
{"level":"error","message":"Unhandled Rejection due to promise [object Promise] and reason TypeError: unexpected reply from redis client","service":"identity-service","timestamp":"2025-02-04T12:58:36.754Z"}
{"level":"error","message":"Unhandled Rejection due to promise [object Promise] and reason TypeError: unexpected reply from redis client","service":"identity-service","timestamp":"2025-02-04T12:58:36.755Z"}
{"level":"error","message":"Unhandled Rejection due to promise [object Promise] and reason TypeError: unexpected reply from redis client","service":"identity-service","timestamp":"2025-02-04T12:58:43.216Z"}
{"level":"error","message":"Unhandled Rejection due to promise [object Promise] and reason TypeError: unexpected reply from redis client","service":"identity-service","timestamp":"2025-02-04T12:58:43.216Z"}
{"level":"error","message":"Unhandled Rejection due to promise [object Promise] and reason TypeError: unexpected reply from redis client","service":"identity-service","timestamp":"2025-02-04T12:58:47.135Z"}
{"level":"error","message":"Unhandled Rejection due to promise [object Promise] and reason TypeError: unexpected reply from redis client","service":"identity-service","timestamp":"2025-02-04T12:58:47.135Z"}
{"level":"error","message":"Unhandled Rejection due to promise [object Promise] and reason TypeError: unexpected reply from redis client","service":"identity-service","timestamp":"2025-02-04T12:58:59.224Z"}
{"level":"error","message":"Unhandled Rejection due to promise [object Promise] and reason TypeError: unexpected reply from redis client","service":"identity-service","timestamp":"2025-02-04T12:58:59.224Z"}
{"level":"error","message":"Unhandled Rejection due to promise [object Promise] and reason TypeError: unexpected reply from redis client","service":"identity-service","timestamp":"2025-02-04T12:59:27.795Z"}
{"level":"error","message":"Unhandled Rejection due to promise [object Promise] and reason TypeError: unexpected reply from redis client","service":"identity-service","timestamp":"2025-02-04T12:59:27.795Z"}
{"level":"error","message":"Unhandled Rejection due to promise [object Promise] and reason TypeError: unexpected reply from redis client","service":"identity-service","timestamp":"2025-02-04T13:00:00.584Z"}
{"level":"error","message":"Unhandled Rejection due to promise [object Promise] and reason TypeError: unexpected reply from redis client","service":"identity-service","timestamp":"2025-02-04T13:00:00.584Z"}
{"level":"error","message":"Unhandled Rejection due to promise [object Promise] and reason TypeError: unexpected reply from redis client","service":"identity-service","timestamp":"2025-02-04T13:00:03.757Z"}
{"level":"error","message":"Unhandled Rejection due to promise [object Promise] and reason TypeError: unexpected reply from redis client","service":"identity-service","timestamp":"2025-02-04T13:00:03.757Z"}
{"level":"error","message":"Unhandled Rejection due to promise [object Promise] and reason TypeError: unexpected reply from redis client","service":"identity-service","timestamp":"2025-02-04T13:01:22.820Z"}
{"level":"error","message":"Unhandled Rejection due to promise [object Promise] and reason TypeError: unexpected reply from redis client","service":"identity-service","timestamp":"2025-02-04T13:01:22.820Z"}
{"level":"error","message":"Unhandled Rejection due to promise [object Promise] and reason TypeError: unexpected reply from redis client","service":"identity-service","timestamp":"2025-02-04T13:11:01.464Z"}
{"level":"error","message":"Unhandled Rejection due to promise [object Promise] and reason TypeError: unexpected reply from redis client","service":"identity-service","timestamp":"2025-02-04T13:11:01.465Z"}
{"level":"error","message":"Unhandled Rejection due to promise [object Promise] and reason TypeError: unexpected reply from redis client","service":"identity-service","timestamp":"2025-02-04T13:12:17.225Z"}
{"level":"error","message":"Unhandled Rejection due to promise [object Promise] and reason TypeError: unexpected reply from redis client","service":"identity-service","timestamp":"2025-02-04T13:12:17.225Z"}
{"level":"error","message":"Unhandled Rejection due to promise [object Promise] and reason TypeError: unexpected reply from redis client","service":"identity-service","timestamp":"2025-02-04T13:12:35.846Z"}
{"level":"error","message":"Unhandled Rejection due to promise [object Promise] and reason TypeError: unexpected reply from redis client","service":"identity-service","timestamp":"2025-02-04T13:12:35.846Z"}
{"level":"error","message":"Unhandled Rejection due to promise [object Promise] and reason TypeError: unexpected reply from redis client","service":"identity-service","timestamp":"2025-02-04T13:12:45.223Z"}
{"level":"error","message":"Unhandled Rejection due to promise [object Promise] and reason TypeError: unexpected reply from redis client","service":"identity-service","timestamp":"2025-02-04T13:12:45.223Z"}
{"level":"error","message":"redis connection failed","service":"identity-service","timestamp":"2025-02-04T13:12:45.232Z"}
{"level":"error","message":"Unhandled Rejection due to promise [object Promise] and reason TypeError: unexpected reply from redis client","service":"identity-service","timestamp":"2025-02-04T13:12:47.900Z"}
{"level":"error","message":"Unhandled Rejection due to promise [object Promise] and reason TypeError: unexpected reply from redis client","service":"identity-service","timestamp":"2025-02-04T13:12:47.901Z"}
{"level":"error","message":"Unhandled Rejection due to promise [object Promise] and reason TypeError: unexpected reply from redis client","service":"identity-service","timestamp":"2025-02-04T13:12:51.010Z"}
{"level":"error","message":"Unhandled Rejection due to promise [object Promise] and reason TypeError: unexpected reply from redis client","service":"identity-service","timestamp":"2025-02-04T13:12:51.011Z"}
{"level":"error","message":"Unhandled Rejection due to promise [object Promise] and reason TypeError: unexpected reply from redis client","service":"identity-service","timestamp":"2025-02-04T13:13:01.159Z"}
{"level":"error","message":"Unhandled Rejection due to promise [object Promise] and reason TypeError: unexpected reply from redis client","service":"identity-service","timestamp":"2025-02-04T13:13:01.159Z"}
{"level":"error","message":"Unhandled Rejection due to promise [object Promise] and reason TypeError: unexpected reply from redis client","service":"identity-service","timestamp":"2025-02-04T13:14:00.941Z"}
{"level":"error","message":"Unhandled Rejection due to promise [object Promise] and reason TypeError: unexpected reply from redis client","service":"identity-service","timestamp":"2025-02-04T13:14:00.941Z"}
{"level":"error","message":"Unhandled Rejection due to promise [object Promise] and reason TypeError: unexpected reply from redis client","service":"identity-service","timestamp":"2025-02-05T03:21:09.132Z"}
{"level":"error","message":"Unhandled Rejection due to promise [object Promise] and reason TypeError: unexpected reply from redis client","service":"identity-service","timestamp":"2025-02-05T03:21:09.133Z"}
{"level":"error","message":"Unhandled Rejection due to promise [object Promise] and reason TypeError: unexpected reply from redis client","service":"identity-service","timestamp":"2025-02-05T03:27:31.233Z"}
{"level":"error","message":"Unhandled Rejection due to promise [object Promise] and reason TypeError: unexpected reply from redis client","service":"identity-service","timestamp":"2025-02-05T03:27:31.233Z"}
{"level":"error","message":"Unhandled Rejection due to promise [object Promise] and reason TypeError: unexpected reply from redis client","service":"identity-service","timestamp":"2025-02-05T03:27:42.158Z"}
{"level":"error","message":"Unhandled Rejection due to promise [object Promise] and reason TypeError: unexpected reply from redis client","service":"identity-service","timestamp":"2025-02-05T03:27:42.158Z"}
{"level":"error","message":"Unhandled Rejection due to promise [object Promise] and reason TypeError: unexpected reply from redis client","service":"identity-service","timestamp":"2025-02-05T03:29:54.578Z"}
{"level":"error","message":"Unhandled Rejection due to promise [object Promise] and reason TypeError: unexpected reply from redis client","service":"identity-service","timestamp":"2025-02-05T03:29:54.578Z"}
{"level":"error","message":"Unhandled Rejection due to promise [object Promise] and reason TypeError: unexpected reply from redis client","service":"identity-service","timestamp":"2025-02-05T03:32:08.371Z"}
{"level":"error","message":"Unhandled Rejection due to promise [object Promise] and reason TypeError: unexpected reply from redis client","service":"identity-service","timestamp":"2025-02-05T03:32:08.371Z"}
{"level":"error","message":"Unhandled Rejection due to promise [object Promise] and reason TypeError: unexpected reply from redis client","service":"identity-service","timestamp":"2025-02-05T03:32:18.752Z"}
{"level":"error","message":"Unhandled Rejection due to promise [object Promise] and reason TypeError: unexpected reply from redis client","service":"identity-service","timestamp":"2025-02-05T03:32:18.752Z"}
{"level":"error","message":"Unhandled Rejection due to promise [object Promise] and reason TypeError: unexpected reply from redis client","service":"identity-service","timestamp":"2025-02-05T03:34:13.773Z"}
{"level":"error","message":"Unhandled Rejection due to promise [object Promise] and reason TypeError: unexpected reply from redis client","service":"identity-service","timestamp":"2025-02-05T03:34:13.774Z"}
{"level":"error","message":"Unhandled Rejection due to promise [object Promise] and reason TypeError: unexpected reply from redis client","service":"identity-service","timestamp":"2025-02-05T03:34:27.147Z"}
{"level":"error","message":"Unhandled Rejection due to promise [object Promise] and reason TypeError: unexpected reply from redis client","service":"identity-service","timestamp":"2025-02-05T03:34:27.147Z"}
{"level":"error","message":"Unhandled Rejection due to promise [object Promise] and reason TypeError: unexpected reply from redis client","service":"identity-service","timestamp":"2025-02-05T03:34:29.337Z"}
{"level":"error","message":"Unhandled Rejection due to promise [object Promise] and reason TypeError: unexpected reply from redis client","service":"identity-service","timestamp":"2025-02-05T03:34:29.337Z"}
{"level":"error","message":"Unhandled Rejection due to promise [object Promise] and reason TypeError: unexpected reply from redis client","service":"identity-service","timestamp":"2025-02-05T03:34:47.720Z"}
{"level":"error","message":"Unhandled Rejection due to promise [object Promise] and reason TypeError: unexpected reply from redis client","service":"identity-service","timestamp":"2025-02-05T03:34:47.720Z"}
{"level":"error","message":"connect ECONNREFUSED 127.0.0.1:27017","reason":{"commonWireVersion":0,"compatible":true,"heartbeatFrequencyMS":10000,"localThresholdMS":15,"logicalSessionTimeoutMinutes":null,"maxElectionId":null,"maxSetVersion":null,"servers":{"localhost:27017":{"$clusterTime":null,"address":"localhost:27017","arbiters":[],"electionId":null,"error":{},"hosts":[],"iscryptd":false,"lastUpdateTime":1373066,"lastWriteDate":0,"logicalSessionTimeoutMinutes":null,"maxBsonObjectSize":null,"maxMessageSizeBytes":null,"maxWireVersion":0,"maxWriteBatchSize":null,"me":null,"minRoundTripTime":0,"minWireVersion":0,"passives":[],"primary":null,"roundTripTime":-1,"setName":null,"setVersion":null,"tags":{},"topologyVersion":null,"type":"Unknown"}},"setName":null,"stale":false,"type":"Unknown"},"service":"identity-service","stack":"MongooseServerSelectionError: connect ECONNREFUSED 127.0.0.1:27017\n    at _handleConnectionErrors (/home/rabin/Desktop/social-media-microservice/identity-service/node_modules/mongoose/lib/connection.js:1110:11)\n    at NativeConnection.openUri (/home/rabin/Desktop/social-media-microservice/identity-service/node_modules/mongoose/lib/connection.js:1041:11)","timestamp":"2025-02-05T03:36:27.187Z"}
{"level":"error","message":"connect ECONNREFUSED 127.0.0.1:27017","reason":{"commonWireVersion":0,"compatible":true,"heartbeatFrequencyMS":10000,"localThresholdMS":15,"logicalSessionTimeoutMinutes":null,"maxElectionId":null,"maxSetVersion":null,"servers":{"localhost:27017":{"$clusterTime":null,"address":"localhost:27017","arbiters":[],"electionId":null,"error":{},"hosts":[],"iscryptd":false,"lastUpdateTime":1446283,"lastWriteDate":0,"logicalSessionTimeoutMinutes":null,"maxBsonObjectSize":null,"maxMessageSizeBytes":null,"maxWireVersion":0,"maxWriteBatchSize":null,"me":null,"minRoundTripTime":0,"minWireVersion":0,"passives":[],"primary":null,"roundTripTime":-1,"setName":null,"setVersion":null,"tags":{},"topologyVersion":null,"type":"Unknown"}},"setName":null,"stale":false,"type":"Unknown"},"service":"identity-service","stack":"MongooseServerSelectionError: connect ECONNREFUSED 127.0.0.1:27017\n    at _handleConnectionErrors (/home/rabin/Desktop/social-media-microservice/identity-service/node_modules/mongoose/lib/connection.js:1110:11)\n    at NativeConnection.openUri (/home/rabin/Desktop/social-media-microservice/identity-service/node_modules/mongoose/lib/connection.js:1041:11)","timestamp":"2025-02-05T03:37:40.394Z"}
{"level":"error","message":"connect ECONNREFUSED 127.0.0.1:27017","reason":{"commonWireVersion":0,"compatible":true,"heartbeatFrequencyMS":10000,"localThresholdMS":15,"logicalSessionTimeoutMinutes":null,"maxElectionId":null,"maxSetVersion":null,"servers":{"localhost:27017":{"$clusterTime":null,"address":"localhost:27017","arbiters":[],"electionId":null,"error":{},"hosts":[],"iscryptd":false,"lastUpdateTime":1584482,"lastWriteDate":0,"logicalSessionTimeoutMinutes":null,"maxBsonObjectSize":null,"maxMessageSizeBytes":null,"maxWireVersion":0,"maxWriteBatchSize":null,"me":null,"minRoundTripTime":0,"minWireVersion":0,"passives":[],"primary":null,"roundTripTime":-1,"setName":null,"setVersion":null,"tags":{},"topologyVersion":null,"type":"Unknown"}},"setName":null,"stale":false,"type":"Unknown"},"service":"identity-service","stack":"MongooseServerSelectionError: connect ECONNREFUSED 127.0.0.1:27017\n    at _handleConnectionErrors (/home/rabin/Desktop/social-media-microservice/identity-service/node_modules/mongoose/lib/connection.js:1110:11)\n    at NativeConnection.openUri (/home/rabin/Desktop/social-media-microservice/identity-service/node_modules/mongoose/lib/connection.js:1041:11)","timestamp":"2025-02-05T03:39:58.625Z"}
{"level":"error","message":"connect ECONNREFUSED 127.0.0.1:27017","reason":{"commonWireVersion":0,"compatible":true,"heartbeatFrequencyMS":10000,"localThresholdMS":15,"logicalSessionTimeoutMinutes":null,"maxElectionId":null,"maxSetVersion":null,"servers":{"localhost:27017":{"$clusterTime":null,"address":"localhost:27017","arbiters":[],"electionId":null,"error":{},"hosts":[],"iscryptd":false,"lastUpdateTime":1763739,"lastWriteDate":0,"logicalSessionTimeoutMinutes":null,"maxBsonObjectSize":null,"maxMessageSizeBytes":null,"maxWireVersion":0,"maxWriteBatchSize":null,"me":null,"minRoundTripTime":0,"minWireVersion":0,"passives":[],"primary":null,"roundTripTime":-1,"setName":null,"setVersion":null,"tags":{},"topologyVersion":null,"type":"Unknown"}},"setName":null,"stale":false,"type":"Unknown"},"service":"identity-service","stack":"MongooseServerSelectionError: connect ECONNREFUSED 127.0.0.1:27017\n    at _handleConnectionErrors (/home/rabin/Desktop/social-media-microservice/identity-service/node_modules/mongoose/lib/connection.js:1110:11)\n    at NativeConnection.openUri (/home/rabin/Desktop/social-media-microservice/identity-service/node_modules/mongoose/lib/connection.js:1041:11)","timestamp":"2025-02-05T03:42:57.864Z"}
{"level":"error","message":"connect ECONNREFUSED 127.0.0.1:27017","reason":{"commonWireVersion":0,"compatible":true,"heartbeatFrequencyMS":10000,"localThresholdMS":15,"logicalSessionTimeoutMinutes":null,"maxElectionId":null,"maxSetVersion":null,"servers":{"localhost:27017":{"$clusterTime":null,"address":"localhost:27017","arbiters":[],"electionId":null,"error":{},"hosts":[],"iscryptd":false,"lastUpdateTime":1894348,"lastWriteDate":0,"logicalSessionTimeoutMinutes":null,"maxBsonObjectSize":null,"maxMessageSizeBytes":null,"maxWireVersion":0,"maxWriteBatchSize":null,"me":null,"minRoundTripTime":0,"minWireVersion":0,"passives":[],"primary":null,"roundTripTime":-1,"setName":null,"setVersion":null,"tags":{},"topologyVersion":null,"type":"Unknown"}},"setName":null,"stale":false,"type":"Unknown"},"service":"identity-service","stack":"MongooseServerSelectionError: connect ECONNREFUSED 127.0.0.1:27017\n    at _handleConnectionErrors (/home/rabin/Desktop/social-media-microservice/identity-service/node_modules/mongoose/lib/connection.js:1110:11)\n    at NativeConnection.openUri (/home/rabin/Desktop/social-media-microservice/identity-service/node_modules/mongoose/lib/connection.js:1041:11)","timestamp":"2025-02-05T03:45:08.469Z"}
{"level":"error","message":"connect ECONNREFUSED 127.0.0.1:27017","reason":{"commonWireVersion":0,"compatible":true,"heartbeatFrequencyMS":10000,"localThresholdMS":15,"logicalSessionTimeoutMinutes":null,"maxElectionId":null,"maxSetVersion":null,"servers":{"localhost:27017":{"$clusterTime":null,"address":"localhost:27017","arbiters":[],"electionId":null,"error":{},"hosts":[],"iscryptd":false,"lastUpdateTime":1949234,"lastWriteDate":0,"logicalSessionTimeoutMinutes":null,"maxBsonObjectSize":null,"maxMessageSizeBytes":null,"maxWireVersion":0,"maxWriteBatchSize":null,"me":null,"minRoundTripTime":0,"minWireVersion":0,"passives":[],"primary":null,"roundTripTime":-1,"setName":null,"setVersion":null,"tags":{},"topologyVersion":null,"type":"Unknown"}},"setName":null,"stale":false,"type":"Unknown"},"service":"identity-service","stack":"MongooseServerSelectionError: connect ECONNREFUSED 127.0.0.1:27017\n    at _handleConnectionErrors (/home/rabin/Desktop/social-media-microservice/identity-service/node_modules/mongoose/lib/connection.js:1110:11)\n    at NativeConnection.openUri (/home/rabin/Desktop/social-media-microservice/identity-service/node_modules/mongoose/lib/connection.js:1041:11)","timestamp":"2025-02-05T03:46:03.352Z"}
{"level":"error","message":"Unhandled Rejection due to promise [object Promise] and reason TypeError: Date.now is not a constructor","service":"identity-service","timestamp":"2025-02-05T03:52:11.433Z"}
{"level":"error","message":"User Registeration Failed!! Date.now is not a constructor","service":"identity-service","stack":"TypeError: Date.now is not a constructor\n    at generateToken (/home/rabin/Desktop/social-media-microservice/identity-service/src/utils/generateToken.js:12:23)\n    at register (/home/rabin/Desktop/social-media-microservice/identity-service/src/controllers/user.controller.js:30:49)\n    at process.processTicksAndRejections (node:internal/process/task_queues:95:5)","timestamp":"2025-02-05T03:53:54.632Z"}
{"level":"error","message":"User Registeration Failed!! Date.now is not a constructor","service":"identity-service","stack":"TypeError: Date.now is not a constructor\n    at generateToken (/home/rabin/Desktop/social-media-microservice/identity-service/src/utils/generateToken.js:12:23)\n    at register (/home/rabin/Desktop/social-media-microservice/identity-service/src/controllers/user.controller.js:30:49)\n    at process.processTicksAndRejections (node:internal/process/task_queues:95:5)","timestamp":"2025-02-05T03:56:03.091Z"}
{"level":"error","message":"User Registeration Failed!! Date.now is not a constructor","service":"identity-service","stack":"TypeError: Date.now is not a constructor\n    at generateToken (/home/rabin/Desktop/social-media-microservice/identity-service/src/utils/generateToken.js:12:23)\n    at register (/home/rabin/Desktop/social-media-microservice/identity-service/src/controllers/user.controller.js:30:49)\n    at process.processTicksAndRejections (node:internal/process/task_queues:95:5)","timestamp":"2025-02-05T03:57:18.642Z"}
{"level":"error","message":"User Registeration Failed!! Date.now is not a constructor","service":"identity-service","stack":"TypeError: Date.now is not a constructor\n    at generateToken (/home/rabin/Desktop/social-media-microservice/identity-service/src/utils/generateToken.js:12:23)\n    at register (/home/rabin/Desktop/social-media-microservice/identity-service/src/controllers/user.controller.js:30:49)\n    at process.processTicksAndRejections (node:internal/process/task_queues:95:5)","timestamp":"2025-02-05T03:59:05.035Z"}
{"code":"ERR_HTTP_HEADERS_SENT","level":"error","message":"User Registeration Failed!! Cannot set headers after they are sent to the client","service":"identity-service","stack":"Error [ERR_HTTP_HEADERS_SENT]: Cannot set headers after they are sent to the client\n    at ServerResponse.setHeader (node:_http_outgoing:659:11)\n    at ServerResponse.header (/home/rabin/Desktop/social-media-microservice/identity-service/node_modules/express/lib/response.js:794:10)\n    at ServerResponse.send (/home/rabin/Desktop/social-media-microservice/identity-service/node_modules/express/lib/response.js:174:12)\n    at ServerResponse.json (/home/rabin/Desktop/social-media-microservice/identity-service/node_modules/express/lib/response.js:278:15)\n    at register (/home/rabin/Desktop/social-media-microservice/identity-service/src/controllers/user.controller.js:12:34)\n    at Layer.handle [as handle_request] (/home/rabin/Desktop/social-media-microservice/identity-service/node_modules/express/lib/router/layer.js:95:5)\n    at next (/home/rabin/Desktop/social-media-microservice/identity-service/node_modules/express/lib/router/route.js:149:13)\n    at Route.dispatch (/home/rabin/Desktop/social-media-microservice/identity-service/node_modules/express/lib/router/route.js:119:3)\n    at Layer.handle [as handle_request] (/home/rabin/Desktop/social-media-microservice/identity-service/node_modules/express/lib/router/layer.js:95:5)\n    at /home/rabin/Desktop/social-media-microservice/identity-service/node_modules/express/lib/router/index.js:284:15","timestamp":"2025-02-05T05:21:16.853Z"}
{"level":"error","message":"Unhandled Rejection due to promise [object Promise] and reason Error [ERR_HTTP_HEADERS_SENT]: Cannot set headers after they are sent to the client","service":"identity-service","timestamp":"2025-02-05T05:21:16.856Z"}
{"code":"ERR_HTTP_HEADERS_SENT","level":"error","message":"User Registeration Failed!! Cannot set headers after they are sent to the client","service":"identity-service","stack":"Error [ERR_HTTP_HEADERS_SENT]: Cannot set headers after they are sent to the client\n    at ServerResponse.setHeader (node:_http_outgoing:659:11)\n    at ServerResponse.header (/home/rabin/Desktop/social-media-microservice/identity-service/node_modules/express/lib/response.js:794:10)\n    at ServerResponse.send (/home/rabin/Desktop/social-media-microservice/identity-service/node_modules/express/lib/response.js:174:12)\n    at ServerResponse.json (/home/rabin/Desktop/social-media-microservice/identity-service/node_modules/express/lib/response.js:278:15)\n    at register (/home/rabin/Desktop/social-media-microservice/identity-service/src/controllers/user.controller.js:12:34)\n    at Layer.handle [as handle_request] (/home/rabin/Desktop/social-media-microservice/identity-service/node_modules/express/lib/router/layer.js:95:5)\n    at next (/home/rabin/Desktop/social-media-microservice/identity-service/node_modules/express/lib/router/route.js:149:13)\n    at Route.dispatch (/home/rabin/Desktop/social-media-microservice/identity-service/node_modules/express/lib/router/route.js:119:3)\n    at Layer.handle [as handle_request] (/home/rabin/Desktop/social-media-microservice/identity-service/node_modules/express/lib/router/layer.js:95:5)\n    at /home/rabin/Desktop/social-media-microservice/identity-service/node_modules/express/lib/router/index.js:284:15","timestamp":"2025-02-05T05:22:23.173Z"}
{"level":"error","message":"Unhandled Rejection due to promise [object Promise] and reason Error [ERR_HTTP_HEADERS_SENT]: Cannot set headers after they are sent to the client","service":"identity-service","timestamp":"2025-02-05T05:22:23.175Z"}
{"code":"ERR_HTTP_HEADERS_SENT","level":"error","message":"User Registeration Failed!! Cannot set headers after they are sent to the client","service":"identity-service","stack":"Error [ERR_HTTP_HEADERS_SENT]: Cannot set headers after they are sent to the client\n    at ServerResponse.setHeader (node:_http_outgoing:659:11)\n    at ServerResponse.header (/home/rabin/Desktop/social-media-microservice/identity-service/node_modules/express/lib/response.js:794:10)\n    at ServerResponse.send (/home/rabin/Desktop/social-media-microservice/identity-service/node_modules/express/lib/response.js:174:12)\n    at ServerResponse.json (/home/rabin/Desktop/social-media-microservice/identity-service/node_modules/express/lib/response.js:278:15)\n    at register (/home/rabin/Desktop/social-media-microservice/identity-service/src/controllers/user.controller.js:12:34)\n    at Layer.handle [as handle_request] (/home/rabin/Desktop/social-media-microservice/identity-service/node_modules/express/lib/router/layer.js:95:5)\n    at next (/home/rabin/Desktop/social-media-microservice/identity-service/node_modules/express/lib/router/route.js:149:13)\n    at Route.dispatch (/home/rabin/Desktop/social-media-microservice/identity-service/node_modules/express/lib/router/route.js:119:3)\n    at Layer.handle [as handle_request] (/home/rabin/Desktop/social-media-microservice/identity-service/node_modules/express/lib/router/layer.js:95:5)\n    at /home/rabin/Desktop/social-media-microservice/identity-service/node_modules/express/lib/router/index.js:284:15","timestamp":"2025-02-05T05:22:49.715Z"}
{"level":"error","message":"Unhandled Rejection due to promise [object Promise] and reason Error [ERR_HTTP_HEADERS_SENT]: Cannot set headers after they are sent to the client","service":"identity-service","timestamp":"2025-02-05T05:22:49.717Z"}
{"code":"ERR_HTTP_HEADERS_SENT","level":"error","message":"User Registeration Failed!! Cannot set headers after they are sent to the client","service":"identity-service","stack":"Error [ERR_HTTP_HEADERS_SENT]: Cannot set headers after they are sent to the client\n    at ServerResponse.setHeader (node:_http_outgoing:659:11)\n    at ServerResponse.header (/home/rabin/Desktop/social-media-microservice/identity-service/node_modules/express/lib/response.js:794:10)\n    at ServerResponse.send (/home/rabin/Desktop/social-media-microservice/identity-service/node_modules/express/lib/response.js:174:12)\n    at ServerResponse.json (/home/rabin/Desktop/social-media-microservice/identity-service/node_modules/express/lib/response.js:278:15)\n    at register (/home/rabin/Desktop/social-media-microservice/identity-service/src/controllers/user.controller.js:12:34)\n    at Layer.handle [as handle_request] (/home/rabin/Desktop/social-media-microservice/identity-service/node_modules/express/lib/router/layer.js:95:5)\n    at next (/home/rabin/Desktop/social-media-microservice/identity-service/node_modules/express/lib/router/route.js:149:13)\n    at Route.dispatch (/home/rabin/Desktop/social-media-microservice/identity-service/node_modules/express/lib/router/route.js:119:3)\n    at Layer.handle [as handle_request] (/home/rabin/Desktop/social-media-microservice/identity-service/node_modules/express/lib/router/layer.js:95:5)\n    at /home/rabin/Desktop/social-media-microservice/identity-service/node_modules/express/lib/router/index.js:284:15","timestamp":"2025-02-05T05:24:59.383Z"}
{"level":"error","message":"Unhandled Rejection due to promise [object Promise] and reason Error [ERR_HTTP_HEADERS_SENT]: Cannot set headers after they are sent to the client","service":"identity-service","timestamp":"2025-02-05T05:24:59.384Z"}
{"level":"error","message":"Login Failed","service":"identity-service","timestamp":"2025-02-05T07:06:53.233Z"}
{"level":"error","message":"Login Failed","service":"identity-service","timestamp":"2025-02-05T07:07:23.572Z"}
{"level":"error","message":"Login Failed","service":"identity-service","timestamp":"2025-02-05T07:10:08.254Z"}
{"0":"U","1":"s","10":"r","11":"e","12":"P","13":"a","14":"s","15":"s","16":"w","17":"o","18":"r","19":"d","2":"e","20":" ","21":"i","22":"s","23":" ","24":"n","25":"o","26":"t","27":" ","28":"a","29":" ","3":"r","30":"f","31":"u","32":"n","33":"c","34":"t","35":"i","36":"o","37":"n","4":".","5":"c","6":"o","7":"m","8":"p","9":"a","level":"error","message":"Login Failed","service":"identity-service","timestamp":"2025-02-05T07:11:19.711Z"}
{"0":"U","1":"s","10":"r","11":"e","12":"P","13":"a","14":"s","15":"s","16":"w","17":"o","18":"r","19":"d","2":"e","20":" ","21":"i","22":"s","23":" ","24":"n","25":"o","26":"t","27":" ","28":"a","29":" ","3":"r","30":"f","31":"u","32":"n","33":"c","34":"t","35":"i","36":"o","37":"n","4":".","5":"c","6":"o","7":"m","8":"p","9":"a","level":"error","message":"Login Failed","service":"identity-service","timestamp":"2025-02-05T07:12:18.983Z"}
{"0":"U","1":"s","10":"r","11":"e","12":"P","13":"a","14":"s","15":"s","16":"w","17":"o","18":"r","19":"d","2":"e","20":" ","21":"i","22":"s","23":" ","24":"n","25":"o","26":"t","27":" ","28":"a","29":" ","3":"r","30":"f","31":"u","32":"n","33":"c","34":"t","35":"i","36":"o","37":"n","4":".","5":"c","6":"o","7":"m","8":"p","9":"a","level":"error","message":"Login Failed","service":"identity-service","timestamp":"2025-02-05T07:13:01.490Z"}
{"0":"U","1":"s","10":"r","11":"e","12":"P","13":"a","14":"s","15":"s","16":"w","17":"o","18":"r","19":"d","2":"e","20":" ","21":"i","22":"s","23":" ","24":"n","25":"o","26":"t","27":" ","28":"a","29":" ","3":"r","30":"f","31":"u","32":"n","33":"c","34":"t","35":"i","36":"o","37":"n","4":".","5":"c","6":"o","7":"m","8":"p","9":"a","level":"error","message":"Login Failed","service":"identity-service","timestamp":"2025-02-05T07:13:40.080Z"}
{"level":"error","message":"connect ECONNREFUSED 127.0.0.1:27017","reason":{"commonWireVersion":0,"compatible":true,"heartbeatFrequencyMS":10000,"localThresholdMS":15,"logicalSessionTimeoutMinutes":null,"maxElectionId":null,"maxSetVersion":null,"servers":{"localhost:27017":{"$clusterTime":null,"address":"localhost:27017","arbiters":[],"electionId":null,"error":{},"hosts":[],"iscryptd":false,"lastUpdateTime":143328,"lastWriteDate":0,"logicalSessionTimeoutMinutes":null,"maxBsonObjectSize":null,"maxMessageSizeBytes":null,"maxWireVersion":0,"maxWriteBatchSize":null,"me":null,"minRoundTripTime":0,"minWireVersion":0,"passives":[],"primary":null,"roundTripTime":-1,"setName":null,"setVersion":null,"tags":{},"topologyVersion":null,"type":"Unknown"}},"setName":null,"stale":false,"type":"Unknown"},"service":"identity-service","stack":"MongooseServerSelectionError: connect ECONNREFUSED 127.0.0.1:27017\n    at _handleConnectionErrors (/home/rabin/Desktop/social-media-microservice/identity-service/node_modules/mongoose/lib/connection.js:1110:11)\n    at NativeConnection.openUri (/home/rabin/Desktop/social-media-microservice/identity-service/node_modules/mongoose/lib/connection.js:1041:11)","timestamp":"2025-02-06T06:31:29.326Z"}
{"0":"O","1":"p","10":"`","11":"u","12":"s","13":"e","14":"r","15":"s","16":".","17":"f","18":"i","19":"n","2":"e","20":"d","21":"O","22":"n","23":"e","24":"(","25":")","26":"`","27":" ","28":"b","29":"u","3":"r","30":"f","31":"f","32":"e","33":"r","34":"i","35":"n","36":"g","37":" ","38":"t","39":"i","4":"a","40":"m","41":"e","42":"d","43":" ","44":"o","45":"u","46":"t","47":" ","48":"a","49":"f","5":"t","50":"t","51":"e","52":"r","53":" ","54":"1","55":"0","56":"0","57":"0","58":"0","59":"m","6":"i","60":"s","7":"o","8":"n","9":" ","level":"error","message":"Login Failed","service":"identity-service","timestamp":"2025-02-06T06:31:54.727Z"}
{"0":"O","1":"p","10":"`","11":"u","12":"s","13":"e","14":"r","15":"s","16":".","17":"f","18":"i","19":"n","2":"e","20":"d","21":"O","22":"n","23":"e","24":"(","25":")","26":"`","27":" ","28":"b","29":"u","3":"r","30":"f","31":"f","32":"e","33":"r","34":"i","35":"n","36":"g","37":" ","38":"t","39":"i","4":"a","40":"m","41":"e","42":"d","43":" ","44":"o","45":"u","46":"t","47":" ","48":"a","49":"f","5":"t","50":"t","51":"e","52":"r","53":" ","54":"1","55":"0","56":"0","57":"0","58":"0","59":"m","6":"i","60":"s","7":"o","8":"n","9":" ","level":"error","message":"Login Failed","service":"identity-service","timestamp":"2025-02-06T06:32:35.050Z"}
{"0":"O","1":"p","10":"`","11":"u","12":"s","13":"e","14":"r","15":"s","16":".","17":"f","18":"i","19":"n","2":"e","20":"d","21":"O","22":"n","23":"e","24":"(","25":")","26":"`","27":" ","28":"b","29":"u","3":"r","30":"f","31":"f","32":"e","33":"r","34":"i","35":"n","36":"g","37":" ","38":"t","39":"i","4":"a","40":"m","41":"e","42":"d","43":" ","44":"o","45":"u","46":"t","47":" ","48":"a","49":"f","5":"t","50":"t","51":"e","52":"r","53":" ","54":"1","55":"0","56":"0","57":"0","58":"0","59":"m","6":"i","60":"s","7":"o","8":"n","9":" ","level":"error","message":"Login Failed","service":"identity-service","timestamp":"2025-02-06T06:33:29.347Z"}
{"level":"error","message":"User Registeration Failed!! Operation `users.findOne()` buffering timed out after 10000ms","service":"identity-service","stack":"MongooseError: Operation `users.findOne()` buffering timed out after 10000ms\n    at Timeout.<anonymous> (/home/rabin/Desktop/social-media-microservice/identity-service/node_modules/mongoose/lib/drivers/node-mongodb-native/collection.js:185:23)\n    at listOnTimeout (node:internal/timers:581:17)\n    at process.processTimers (node:internal/timers:519:7)","timestamp":"2025-02-06T06:34:12.339Z"}
{"level":"error","message":"connect ECONNREFUSED 127.0.0.1:27017","reason":{"commonWireVersion":0,"compatible":true,"heartbeatFrequencyMS":10000,"localThresholdMS":15,"logicalSessionTimeoutMinutes":null,"maxElectionId":null,"maxSetVersion":null,"servers":{"localhost:27017":{"$clusterTime":null,"address":"localhost:27017","arbiters":[],"electionId":null,"error":{},"hosts":[],"iscryptd":false,"lastUpdateTime":1449835,"lastWriteDate":0,"logicalSessionTimeoutMinutes":null,"maxBsonObjectSize":null,"maxMessageSizeBytes":null,"maxWireVersion":0,"maxWriteBatchSize":null,"me":null,"minRoundTripTime":0,"minWireVersion":0,"passives":[],"primary":null,"roundTripTime":-1,"setName":null,"setVersion":null,"tags":{},"topologyVersion":null,"type":"Unknown"}},"setName":null,"stale":false,"type":"Unknown"},"service":"identity-service","stack":"MongooseServerSelectionError: connect ECONNREFUSED 127.0.0.1:27017\n    at _handleConnectionErrors (/home/rabin/Desktop/social-media-microservice/identity-service/node_modules/mongoose/lib/connection.js:1110:11)\n    at NativeConnection.openUri (/home/rabin/Desktop/social-media-microservice/identity-service/node_modules/mongoose/lib/connection.js:1041:11)","timestamp":"2025-02-07T06:10:13.823Z"}
